

Thu Dec 14 00:39:55 WAT 2023
Entered URL
++++++++++++++++++++++++++++++++++++++++++++++++++
https://github.com/alx-tools/0x1D.c/tree/master/listint
++++++++++++++++++++++++++++++++++++++++++++++++++
================================================
https://github.com/alx-tools/0x1D.c/tree/master/listint...
Filename from repo listint
listint
Local filename listint
[]
Filename from repo create_list.c
create_list.c
Local filename listint/create_list.c
Filename from repo free_list.c
free_list.c
Local filename listint/free_list.c
Filename from repo print_list.c
print_list.c
Local filename listint/print_list.c
================================================




Thu Dec 14 02:29:05 WAT 2023
Entered URL
++++++++++++++++++++++++++++++++++++++++++++++++++
https://github.com/alx-tools/0x1D.c/tree/master/listint
++++++++++++++++++++++++++++++++++++++++++++++++++
================================================
https://github.com/alx-tools/0x1D.c/tree/master/listint...
Filename from repo listint
listint
Local filename listint
[]
Filename from repo create_list.c
create_list.c
Local filename listint/create_list.c
Filename from repo free_list.c
free_list.c
Local filename listint/free_list.c
Filename from repo print_list.c
print_list.c
Local filename listint/print_list.c
================================================


